[I 2026-07-29 21:37:13,420] Trial 17 finished with value: 0.958 and parameters: {'lr': 1.4157726765642095e-05, 'weight_decay': 0.008952438990772419, 'dropout': 0.1177045595335725, 'rotation': 15, 'label_smoothing': 0.06762703922502031, 'freeze_fraction': 0.5, 'batch_size': 32}. Best is trial 7 with value: 0.9629.
[Builder] Frozen 90/180 parameters (50.0%)
[Builder] Total params: 28,050,914, Trainable: 23,506,178
[Checkpoint] Loaded from results/finetune_zenodo/checkpoints/srad_nopad/convnext_tiny/best.pt (epoch=4, val_auc=0.9595)
[Loss] Class weights: [0.5638766288757324, 4.413793087005615]
[Checkpoint] Saved (epoch=1, val_auc=0.9577) → results/finetune_hpo/srad_nopad_convnext_tiny/convnext_tiny/trial_18.pt
[Checkpoint] Saved (epoch=1, val_auc=0.9577) → results/finetune_hpo/srad_nopad_convnext_tiny/convnext_tiny/trial_18_e1.pt
[Checkpoint] Saved (epoch=2, val_auc=0.9474) → results/finetune_hpo/srad_nopad_convnext_tiny/convnext_tiny/trial_18_e2.pt
[Checkpoint] Saved (epoch=3, val_auc=0.9128) → results/finetune_hpo/srad_nopad_convnext_tiny/convnext_tiny/trial_18_e3.pt
[Checkpoint] Saved (epoch=4, val_auc=0.9376) → results/finetune_hpo/srad_nopad_convnext_tiny/convnext_tiny/trial_18_e4.pt
[I 2026-07-29 21:38:56,803] Trial 18 finished with value: 0.9577 and parameters: {'lr': 3.324603570938651e-05, 'weight_decay': 0.0042586280762454565, 'dropout': 0.3429086932201685, 'rotation': 11, 'label_smoothing': 0.07768143918517043, 'freeze_fraction': 0.5, 'batch_size': 16}. Best is trial 7 with value: 0.9629.
[Builder] Frozen 0/180 parameters (0.0%)
[Builder] Total params: 28,050,914, Trainable: 28,050,914
[Checkpoint] Loaded from results/finetune_zenodo/checkpoints/srad_nopad/convnext_tiny/best.pt (epoch=4, val_auc=0.9595)
[Loss] Class weights: [0.5638766288757324, 4.413793087005615]
[Checkpoint] Saved (epoch=1, val_auc=0.9569) → results/finetune_hpo/srad_nopad_convnext_tiny/convnext_tiny/trial_19.pt
[Checkpoint] Saved (epoch=1, val_auc=0.9569) → results/finetune_hpo/srad_nopad_convnext_tiny/convnext_tiny/trial_19_e1.pt
[Checkpoint] Saved (epoch=2, val_auc=0.9565) → results/finetune_hpo/srad_nopad_convnext_tiny/convnext_tiny/trial_19_e2.pt
[Checkpoint] Saved (epoch=3, val_auc=0.9601) → results/finetune_hpo/srad_nopad_convnext_tiny/convnext_tiny/trial_19.pt
[Checkpoint] Saved (epoch=3, val_auc=0.9601) → results/finetune_hpo/srad_nopad_convnext_tiny/convnext_tiny/trial_19_e3.pt
[Checkpoint] Saved (epoch=4, val_auc=0.9514) → results/finetune_hpo/srad_nopad_convnext_tiny/convnext_tiny/trial_19_e4.pt
[Checkpoint] Saved (epoch=5, val_auc=0.9520) → results/finetune_hpo/srad_nopad_convnext_tiny/convnext_tiny/trial_19_e5.pt
[Checkpoint] Saved (epoch=6, val_auc=0.9443) → results/finetune_hpo/srad_nopad_convnext_tiny/convnext_tiny/trial_19_e6.pt
[I 2026-07-29 21:41:35,068] Trial 19 finished with value: 0.9601 and parameters: {'lr': 6.995893672494747e-06, 'weight_decay': 0.0008295009504147339, 'dropout': 0.30575540121466194, 'rotation': 9, 'label_smoothing': 0.023215033267305424, 'freeze_fraction': 0.0, 'batch_size': 64}. Best is trial 7 with value: 0.9629.
[HPO] Best val_auc: 0.9629
[HPO] Best params: {'lr': 6.6219186068968326e-06, 'weight_decay': 0.0011876598801919714, 'dropout': 0.3094930096246087, 'rotation': 13, 'label_smoothing': 0.02959271508407553, 'freeze_fraction': 0.0, 'batch_size': 32}
[HPO] Summary: results/finetune_hpo/srad_nopad_convnext_tiny/convnext_tiny/summary.json
