[I 2026-07-29 21:05:22,365] A new study created in memory with name: srad_nopad_convnext_tiny
[HPO] convnext_tiny + srad_nopad
[HPO] Resume from: results/finetune_zenodo/checkpoints/srad_nopad/convnext_tiny/best.pt
[HPO] Train: 2560, Val: 640
[Builder] Frozen 90/180 parameters (50.0%)
[Builder] Total params: 28,050,914, Trainable: 23,506,178
[Checkpoint] Loaded from results/finetune_zenodo/checkpoints/srad_nopad/convnext_tiny/best.pt (epoch=4, val_auc=0.9595)
[Loss] Class weights: [0.5638766288757324, 4.413793087005615]
[Checkpoint] Saved (epoch=1, val_auc=0.9582) → results/finetune_hpo/srad_nopad_convnext_tiny/convnext_tiny/trial_0.pt
[Checkpoint] Saved (epoch=1, val_auc=0.9582) → results/finetune_hpo/srad_nopad_convnext_tiny/convnext_tiny/trial_0_e1.pt
[Checkpoint] Saved (epoch=2, val_auc=0.9622) → results/finetune_hpo/srad_nopad_convnext_tiny/convnext_tiny/trial_0.pt
[Checkpoint] Saved (epoch=2, val_auc=0.9622) → results/finetune_hpo/srad_nopad_convnext_tiny/convnext_tiny/trial_0_e2.pt
[Checkpoint] Saved (epoch=3, val_auc=0.9503) → results/finetune_hpo/srad_nopad_convnext_tiny/convnext_tiny/trial_0_e3.pt
[Checkpoint] Saved (epoch=4, val_auc=0.9408) → results/finetune_hpo/srad_nopad_convnext_tiny/convnext_tiny/trial_0_e4.pt
[Checkpoint] Saved (epoch=5, val_auc=0.9288) → results/finetune_hpo/srad_nopad_convnext_tiny/convnext_tiny/trial_0_e5.pt
[I 2026-07-29 21:07:32,398] Trial 0 finished with value: 0.9622 and parameters: {'lr': 1.251730279398183e-05, 'weight_decay': 0.0035588204642146262, 'dropout': 0.4912416992444287, 'rotation': 12, 'label_smoothing': 0.04165464989181671, 'freeze_fraction': 0.5, 'batch_size': 16}. Best is trial 0 with value: 0.9622.
[Builder] Frozen 90/180 parameters (50.0%)
[Builder] Total params: 28,050,914, Trainable: 23,506,178
[Checkpoint] Loaded from results/finetune_zenodo/checkpoints/srad_nopad/convnext_tiny/best.pt (epoch=4, val_auc=0.9595)
[Loss] Class weights: [0.5638766288757324, 4.413793087005615]
[Checkpoint] Saved (epoch=1, val_auc=0.9387) → results/finetune_hpo/srad_nopad_convnext_tiny/convnext_tiny/trial_1.pt
[Checkpoint] Saved (epoch=1, val_auc=0.9387) → results/finetune_hpo/srad_nopad_convnext_tiny/convnext_tiny/trial_1_e1.pt
[Checkpoint] Saved (epoch=2, val_auc=0.9588) → results/finetune_hpo/srad_nopad_convnext_tiny/convnext_tiny/trial_1.pt
[Checkpoint] Saved (epoch=2, val_auc=0.9588) → results/finetune_hpo/srad_nopad_convnext_tiny/convnext_tiny/trial_1_e2.pt
[Checkpoint] Saved (epoch=3, val_auc=0.9608) → results/finetune_hpo/srad_nopad_convnext_tiny/convnext_tiny/trial_1.pt
[Checkpoint] Saved (epoch=3, val_auc=0.9608) → results/finetune_hpo/srad_nopad_convnext_tiny/convnext_tiny/trial_1_e3.pt
[Checkpoint] Saved (epoch=4, val_auc=0.9528) → results/finetune_hpo/srad_nopad_convnext_tiny/convnext_tiny/trial_1_e4.pt
[Checkpoint] Saved (epoch=5, val_auc=0.9328) → results/finetune_hpo/srad_nopad_convnext_tiny/convnext_tiny/trial_1_e5.pt
[Checkpoint] Saved (epoch=6, val_auc=0.9501) → results/finetune_hpo/srad_nopad_convnext_tiny/convnext_tiny/trial_1_e6.pt
[I 2026-07-29 21:10:03,170] Trial 1 finished with value: 0.9608 and parameters: {'lr': 8.720146637084916e-05, 'weight_decay': 1.172790910839382e-05, 'dropout': 0.26066695110089544, 'rotation': 10, 'label_smoothing': 0.0611300939922883, 'freeze_fraction': 0.5, 'batch_size': 16}. Best is trial 0 with value: 0.9622.
[Builder] Frozen 0/180 parameters (0.0%)
[Builder] Total params: 28,050,914, Trainable: 28,050,914
[Checkpoint] Loaded from results/finetune_zenodo/checkpoints/srad_nopad/convnext_tiny/best.pt (epoch=4, val_auc=0.9595)
[Loss] Class weights: [0.5638766288757324, 4.413793087005615]
[Checkpoint] Saved (epoch=1, val_auc=0.9538) → results/finetune_hpo/srad_nopad_convnext_tiny/convnext_tiny/trial_2.pt
[Checkpoint] Saved (epoch=1, val_auc=0.9538) → results/finetune_hpo/srad_nopad_convnext_tiny/convnext_tiny/trial_2_e1.pt
[Checkpoint] Saved (epoch=2, val_auc=0.9495) → results/finetune_hpo/srad_nopad_convnext_tiny/convnext_tiny/trial_2_e2.pt
[Checkpoint] Saved (epoch=3, val_auc=0.9460) → results/finetune_hpo/srad_nopad_convnext_tiny/convnext_tiny/trial_2_e3.pt
[Checkpoint] Saved (epoch=4, val_auc=0.9477) → results/finetune_hpo/srad_nopad_convnext_tiny/convnext_tiny/trial_2_e4.pt
[I 2026-07-29 21:11:51,498] Trial 2 finished with value: 0.9538 and parameters: {'lr': 2.0296113854948574e-05, 'weight_decay': 0.0028549448434741064, 'dropout': 0.35867108545797965, 'rotation': 3, 'label_smoothing': 0.04860355530747641, 'freeze_fraction': 0.0, 'batch_size': 32}. Best is trial 0 with value: 0.9622.
[Builder] Frozen 90/180 parameters (50.0%)
[Builder] Total params: 28,050,914, Trainable: 23,506,178
[Checkpoint] Loaded from results/finetune_zenodo/checkpoints/srad_nopad/convnext_tiny/best.pt (epoch=4, val_auc=0.9595)
[Loss] Class weights: [0.5638766288757324, 4.413793087005615]
[Checkpoint] Saved (epoch=1, val_auc=0.9550) → results/finetune_hpo/srad_nopad_convnext_tiny/convnext_tiny/trial_3.pt
[Checkpoint] Saved (epoch=1, val_auc=0.9550) → results/finetune_hpo/srad_nopad_convnext_tiny/convnext_tiny/trial_3_e1.pt
[Checkpoint] Saved (epoch=2, val_auc=0.9325) → results/finetune_hpo/srad_nopad_convnext_tiny/convnext_tiny/trial_3_e2.pt
[Checkpoint] Saved (epoch=3, val_auc=0.9376) → results/finetune_hpo/srad_nopad_convnext_tiny/convnext_tiny/trial_3_e3.pt
[Checkpoint] Saved (epoch=4, val_auc=0.9514) → results/finetune_hpo/srad_nopad_convnext_tiny/convnext_tiny/trial_3_e4.pt
[I 2026-07-29 21:13:35,652] Trial 3 finished with value: 0.955 and parameters: {'lr': 1.977788989135649e-05, 'weight_decay': 2.1678447275605498e-05, 'dropout': 0.32235499143154117, 'rotation': 7, 'label_smoothing': 0.05809445503148644, 'freeze_fraction': 0.5, 'batch_size': 16}. Best is trial 0 with value: 0.9622.
[Builder] Frozen 0/180 parameters (0.0%)
[Builder] Total params: 28,050,914, Trainable: 28,050,914
[Checkpoint] Loaded from results/finetune_zenodo/checkpoints/srad_nopad/convnext_tiny/best.pt (epoch=4, val_auc=0.9595)
[Loss] Class weights: [0.5638766288757324, 4.413793087005615]
[Checkpoint] Saved (epoch=1, val_auc=0.9543) → results/finetune_hpo/srad_nopad_convnext_tiny/convnext_tiny/trial_4.pt
[Checkpoint] Saved (epoch=1, val_auc=0.9543) → results/finetune_hpo/srad_nopad_convnext_tiny/convnext_tiny/trial_4_e1.pt
[Checkpoint] Saved (epoch=2, val_auc=0.9484) → results/finetune_hpo/srad_nopad_convnext_tiny/convnext_tiny/trial_4_e2.pt
[Checkpoint] Saved (epoch=3, val_auc=0.9411) → results/finetune_hpo/srad_nopad_convnext_tiny/convnext_tiny/trial_4_e3.pt
[Checkpoint] Saved (epoch=4, val_auc=0.9473) → results/finetune_hpo/srad_nopad_convnext_tiny/convnext_tiny/trial_4_e4.pt
[I 2026-07-29 21:15:20,186] Trial 4 finished with value: 0.9543 and parameters: {'lr': 2.1802075228035873e-05, 'weight_decay': 4.386716844700418e-05, 'dropout': 0.43042891064228667, 'rotation': 4, 'label_smoothing': 0.04911910698632835, 'freeze_fraction': 0.0, 'batch_size': 32}. Best is trial 0 with value: 0.9622.
[Builder] Frozen 90/180 parameters (50.0%)
[Builder] Total params: 28,050,914, Trainable: 23,506,178
[Checkpoint] Loaded from results/finetune_zenodo/checkpoints/srad_nopad/convnext_tiny/best.pt (epoch=4, val_auc=0.9595)
[Loss] Class weights: [0.5638766288757324, 4.413793087005615]
[Checkpoint] Saved (epoch=1, val_auc=0.9575) → results/finetune_hpo/srad_nopad_convnext_tiny/convnext_tiny/trial_5.pt
[Checkpoint] Saved (epoch=1, val_auc=0.9575) → results/finetune_hpo/srad_nopad_convnext_tiny/convnext_tiny/trial_5_e1.pt
[Checkpoint] Saved (epoch=2, val_auc=0.9542) → results/finetune_hpo/srad_nopad_convnext_tiny/convnext_tiny/trial_5_e2.pt
[Checkpoint] Saved (epoch=3, val_auc=0.9498) → results/finetune_hpo/srad_nopad_convnext_tiny/convnext_tiny/trial_5_e3.pt
[Checkpoint] Saved (epoch=4, val_auc=0.9390) → results/finetune_hpo/srad_nopad_convnext_tiny/convnext_tiny/trial_5_e4.pt
[I 2026-07-29 21:17:02,209] Trial 5 finished with value: 0.9575 and parameters: {'lr': 7.350613386270726e-06, 'weight_decay': 1.5046062920552174e-05, 'dropout': 0.4891176134978596, 'rotation': 6, 'label_smoothing': 0.02169909787389549, 'freeze_fraction': 0.5, 'batch_size': 32}. Best is trial 0 with value: 0.9622.
[Builder] Frozen 90/180 parameters (50.0%)
[Builder] Total params: 28,050,914, Trainable: 23,506,178
[Checkpoint] Loaded from results/finetune_zenodo/checkpoints/srad_nopad/convnext_tiny/best.pt (epoch=4, val_auc=0.9595)
[Loss] Class weights: [0.5638766288757324, 4.413793087005615]
[Checkpoint] Saved (epoch=1, val_auc=0.9585) → results/finetune_hpo/srad_nopad_convnext_tiny/convnext_tiny/trial_6.pt
[Checkpoint] Saved (epoch=1, val_auc=0.9585) → results/finetune_hpo/srad_nopad_convnext_tiny/convnext_tiny/trial_6_e1.pt
[Checkpoint] Saved (epoch=2, val_auc=0.9597) → results/finetune_hpo/srad_nopad_convnext_tiny/convnext_tiny/trial_6.pt
[Checkpoint] Saved (epoch=2, val_auc=0.9597) → results/finetune_hpo/srad_nopad_convnext_tiny/convnext_tiny/trial_6_e2.pt
[Checkpoint] Saved (epoch=3, val_auc=0.9576) → results/finetune_hpo/srad_nopad_convnext_tiny/convnext_tiny/trial_6_e3.pt
[Checkpoint] Saved (epoch=4, val_auc=0.9593) → results/finetune_hpo/srad_nopad_convnext_tiny/convnext_tiny/trial_6_e4.pt
[Checkpoint] Saved (epoch=5, val_auc=0.9558) → results/finetune_hpo/srad_nopad_convnext_tiny/convnext_tiny/trial_6_e5.pt
[I 2026-07-29 21:19:15,522] Trial 6 finished with value: 0.9597 and parameters: {'lr': 5.073381690245576e-06, 'weight_decay': 0.0011256047914317809, 'dropout': 0.2765742767082462, 'rotation': 1, 'label_smoothing': 0.04490822848115873, 'freeze_fraction': 0.5, 'batch_size': 64}. Best is trial 0 with value: 0.9622.
[Builder] Frozen 0/180 parameters (0.0%)
[Builder] Total params: 28,050,914, Trainable: 28,050,914
[Checkpoint] Loaded from results/finetune_zenodo/checkpoints/srad_nopad/convnext_tiny/best.pt (epoch=4, val_auc=0.9595)
[Loss] Class weights: [0.5638766288757324, 4.413793087005615]
[Checkpoint] Saved (epoch=1, val_auc=0.9629) → results/finetune_hpo/srad_nopad_convnext_tiny/convnext_tiny/trial_7.pt
[Checkpoint] Saved (epoch=1, val_auc=0.9629) → results/finetune_hpo/srad_nopad_convnext_tiny/convnext_tiny/trial_7_e1.pt
[Checkpoint] Saved (epoch=2, val_auc=0.9526) → results/finetune_hpo/srad_nopad_convnext_tiny/convnext_tiny/trial_7_e2.pt
[Checkpoint] Saved (epoch=3, val_auc=0.9532) → results/finetune_hpo/srad_nopad_convnext_tiny/convnext_tiny/trial_7_e3.pt
[Checkpoint] Saved (epoch=4, val_auc=0.9590) → results/finetune_hpo/srad_nopad_convnext_tiny/convnext_tiny/trial_7_e4.pt
[I 2026-07-29 21:21:00,079] Trial 7 finished with value: 0.9629 and parameters: {'lr': 6.6219186068968326e-06, 'weight_decay': 0.0011876598801919714, 'dropout': 0.3094930096246087, 'rotation': 13, 'label_smoothing': 0.02959271508407553, 'freeze_fraction': 0.0, 'batch_size': 32}. Best is trial 7 with value: 0.9629.
[Builder] Frozen 90/180 parameters (50.0%)
[Builder] Total params: 28,050,914, Trainable: 23,506,178
[Checkpoint] Loaded from results/finetune_zenodo/checkpoints/srad_nopad/convnext_tiny/best.pt (epoch=4, val_auc=0.9595)
[Loss] Class weights: [0.5638766288757324, 4.413793087005615]
[Checkpoint] Saved (epoch=1, val_auc=0.9381) → results/finetune_hpo/srad_nopad_convnext_tiny/convnext_tiny/trial_8.pt
[Checkpoint] Saved (epoch=1, val_auc=0.9381) → results/finetune_hpo/srad_nopad_convnext_tiny/convnext_tiny/trial_8_e1.pt
[I 2026-07-29 21:21:48,419] Trial 8 pruned. 
[Checkpoint] Saved (epoch=2, val_auc=0.9325) → results/finetune_hpo/srad_nopad_convnext_tiny/convnext_tiny/trial_8_e2.pt
[Builder] Frozen 90/180 parameters (50.0%)
[Builder] Total params: 28,050,914, Trainable: 23,506,178
[Checkpoint] Loaded from results/finetune_zenodo/checkpoints/srad_nopad/convnext_tiny/best.pt (epoch=4, val_auc=0.9595)
[Loss] Class weights: [0.5638766288757324, 4.413793087005615]
[Checkpoint] Saved (epoch=1, val_auc=0.9590) → results/finetune_hpo/srad_nopad_convnext_tiny/convnext_tiny/trial_9.pt
[Checkpoint] Saved (epoch=1, val_auc=0.9590) → results/finetune_hpo/srad_nopad_convnext_tiny/convnext_tiny/trial_9_e1.pt
[Checkpoint] Saved (epoch=2, val_auc=0.9541) → results/finetune_hpo/srad_nopad_convnext_tiny/convnext_tiny/trial_9_e2.pt
[Checkpoint] Saved (epoch=3, val_auc=0.9542) → results/finetune_hpo/srad_nopad_convnext_tiny/convnext_tiny/trial_9_e3.pt
[Checkpoint] Saved (epoch=4, val_auc=0.9455) → results/finetune_hpo/srad_nopad_convnext_tiny/convnext_tiny/trial_9_e4.pt
[I 2026-07-29 21:23:35,279] Trial 9 finished with value: 0.959 and parameters: {'lr': 2.1328534496659267e-05, 'weight_decay': 1.77713016271071e-05, 'dropout': 0.3678534177546928, 'rotation': 16, 'label_smoothing': 0.09488488043012579, 'freeze_fraction': 0.5, 'batch_size': 64}. Best is trial 7 with value: 0.9629.
[Builder] Frozen 0/180 parameters (0.0%)
[Builder] Total params: 28,050,914, Trainable: 28,050,914
[Checkpoint] Loaded from results/finetune_zenodo/checkpoints/srad_nopad/convnext_tiny/best.pt (epoch=4, val_auc=0.9595)
[Loss] Class weights: [0.5638766288757324, 4.413793087005615]
[Checkpoint] Saved (epoch=1, val_auc=0.9519) → results/finetune_hpo/srad_nopad_convnext_tiny/convnext_tiny/trial_10.pt
[Checkpoint] Saved (epoch=1, val_auc=0.9519) → results/finetune_hpo/srad_nopad_convnext_tiny/convnext_tiny/trial_10_e1.pt
[I 2026-07-29 21:24:25,592] Trial 10 pruned. 
[Checkpoint] Saved (epoch=2, val_auc=0.9524) → results/finetune_hpo/srad_nopad_convnext_tiny/convnext_tiny/trial_10.pt
[Checkpoint] Saved (epoch=2, val_auc=0.9524) → results/finetune_hpo/srad_nopad_convnext_tiny/convnext_tiny/trial_10_e2.pt
[Builder] Frozen 0/180 parameters (0.0%)
[Builder] Total params: 28,050,914, Trainable: 28,050,914
[Checkpoint] Loaded from results/finetune_zenodo/checkpoints/srad_nopad/convnext_tiny/best.pt (epoch=4, val_auc=0.9595)
[Loss] Class weights: [0.5638766288757324, 4.413793087005615]
[Checkpoint] Saved (epoch=1, val_auc=0.9386) → results/finetune_hpo/srad_nopad_convnext_tiny/convnext_tiny/trial_11.pt
[Checkpoint] Saved (epoch=1, val_auc=0.9386) → results/finetune_hpo/srad_nopad_convnext_tiny/convnext_tiny/trial_11_e1.pt
[I 2026-07-29 21:25:16,249] Trial 11 pruned. 
[Checkpoint] Saved (epoch=2, val_auc=0.9441) → results/finetune_hpo/srad_nopad_convnext_tiny/convnext_tiny/trial_11.pt
[Checkpoint] Saved (epoch=2, val_auc=0.9441) → results/finetune_hpo/srad_nopad_convnext_tiny/convnext_tiny/trial_11_e2.pt
[Builder] Frozen 0/180 parameters (0.0%)
[Builder] Total params: 28,050,914, Trainable: 28,050,914
[Checkpoint] Loaded from results/finetune_zenodo/checkpoints/srad_nopad/convnext_tiny/best.pt (epoch=4, val_auc=0.9595)
[Loss] Class weights: [0.5638766288757324, 4.413793087005615]
[Checkpoint] Saved (epoch=1, val_auc=0.9569) → results/finetune_hpo/srad_nopad_convnext_tiny/convnext_tiny/trial_12.pt
[Checkpoint] Saved (epoch=1, val_auc=0.9569) → results/finetune_hpo/srad_nopad_convnext_tiny/convnext_tiny/trial_12_e1.pt
[Checkpoint] Saved (epoch=2, val_auc=0.9556) → results/finetune_hpo/srad_nopad_convnext_tiny/convnext_tiny/trial_12_e2.pt
[Checkpoint] Saved (epoch=3, val_auc=0.9576) → results/finetune_hpo/srad_nopad_convnext_tiny/convnext_tiny/trial_12.pt
[Checkpoint] Saved (epoch=3, val_auc=0.9576) → results/finetune_hpo/srad_nopad_convnext_tiny/convnext_tiny/trial_12_e3.pt
[Checkpoint] Saved (epoch=4, val_auc=0.9479) → results/finetune_hpo/srad_nopad_convnext_tiny/convnext_tiny/trial_12_e4.pt
[Checkpoint] Saved (epoch=5, val_auc=0.9577) → results/finetune_hpo/srad_nopad_convnext_tiny/convnext_tiny/trial_12.pt
[Checkpoint] Saved (epoch=5, val_auc=0.9577) → results/finetune_hpo/srad_nopad_convnext_tiny/convnext_tiny/trial_12_e5.pt
[Checkpoint] Saved (epoch=6, val_auc=0.9512) → results/finetune_hpo/srad_nopad_convnext_tiny/convnext_tiny/trial_12_e6.pt
[Checkpoint] Saved (epoch=7, val_auc=0.9510) → results/finetune_hpo/srad_nopad_convnext_tiny/convnext_tiny/trial_12_e7.pt
[Checkpoint] Saved (epoch=8, val_auc=0.9520) → results/finetune_hpo/srad_nopad_convnext_tiny/convnext_tiny/trial_12_e8.pt
[I 2026-07-29 21:28:37,890] Trial 12 finished with value: 0.9577 and parameters: {'lr': 1.137377478873404e-05, 'weight_decay': 0.0005715968027811661, 'dropout': 0.48524182490534934, 'rotation': 11, 'label_smoothing': 0.03059984728324919, 'freeze_fraction': 0.0, 'batch_size': 32}. Best is trial 7 with value: 0.9629.
[Builder] Frozen 0/180 parameters (0.0%)
[Builder] Total params: 28,050,914, Trainable: 28,050,914
[Checkpoint] Loaded from results/finetune_zenodo/checkpoints/srad_nopad/convnext_tiny/best.pt (epoch=4, val_auc=0.9595)
[Loss] Class weights: [0.5638766288757324, 4.413793087005615]
[Checkpoint] Saved (epoch=1, val_auc=0.9526) → results/finetune_hpo/srad_nopad_convnext_tiny/convnext_tiny/trial_13.pt
[Checkpoint] Saved (epoch=1, val_auc=0.9526) → results/finetune_hpo/srad_nopad_convnext_tiny/convnext_tiny/trial_13_e1.pt
[I 2026-07-29 21:29:28,129] Trial 13 pruned. 
[Checkpoint] Saved (epoch=2, val_auc=0.9413) → results/finetune_hpo/srad_nopad_convnext_tiny/convnext_tiny/trial_13_e2.pt
[Builder] Frozen 90/180 parameters (50.0%)
[Builder] Total params: 28,050,914, Trainable: 23,506,178
[Checkpoint] Loaded from results/finetune_zenodo/checkpoints/srad_nopad/convnext_tiny/best.pt (epoch=4, val_auc=0.9595)
[Loss] Class weights: [0.5638766288757324, 4.413793087005615]
[Checkpoint] Saved (epoch=1, val_auc=0.9571) → results/finetune_hpo/srad_nopad_convnext_tiny/convnext_tiny/trial_14.pt
[Checkpoint] Saved (epoch=1, val_auc=0.9571) → results/finetune_hpo/srad_nopad_convnext_tiny/convnext_tiny/trial_14_e1.pt
[Checkpoint] Saved (epoch=2, val_auc=0.9547) → results/finetune_hpo/srad_nopad_convnext_tiny/convnext_tiny/trial_14_e2.pt
[Checkpoint] Saved (epoch=3, val_auc=0.9464) → results/finetune_hpo/srad_nopad_convnext_tiny/convnext_tiny/trial_14_e3.pt
[Checkpoint] Saved (epoch=4, val_auc=0.9436) → results/finetune_hpo/srad_nopad_convnext_tiny/convnext_tiny/trial_14_e4.pt
[I 2026-07-29 21:31:14,674] Trial 14 finished with value: 0.9571 and parameters: {'lr': 1.256129542264128e-05, 'weight_decay': 0.0003814147345729452, 'dropout': 0.4174178744934032, 'rotation': 9, 'label_smoothing': 0.0332766122841513, 'freeze_fraction': 0.5, 'batch_size': 64}. Best is trial 7 with value: 0.9629.
[Builder] Frozen 0/180 parameters (0.0%)
[Builder] Total params: 28,050,914, Trainable: 28,050,914
[Checkpoint] Loaded from results/finetune_zenodo/checkpoints/srad_nopad/convnext_tiny/best.pt (epoch=4, val_auc=0.9595)
[Loss] Class weights: [0.5638766288757324, 4.413793087005615]
[Checkpoint] Saved (epoch=1, val_auc=0.9576) → results/finetune_hpo/srad_nopad_convnext_tiny/convnext_tiny/trial_15.pt
[Checkpoint] Saved (epoch=1, val_auc=0.9576) → results/finetune_hpo/srad_nopad_convnext_tiny/convnext_tiny/trial_15_e1.pt
[Checkpoint] Saved (epoch=2, val_auc=0.9598) → results/finetune_hpo/srad_nopad_convnext_tiny/convnext_tiny/trial_15.pt
[Checkpoint] Saved (epoch=2, val_auc=0.9598) → results/finetune_hpo/srad_nopad_convnext_tiny/convnext_tiny/trial_15_e2.pt
[Checkpoint] Saved (epoch=3, val_auc=0.9554) → results/finetune_hpo/srad_nopad_convnext_tiny/convnext_tiny/trial_15_e3.pt
[Checkpoint] Saved (epoch=4, val_auc=0.9501) → results/finetune_hpo/srad_nopad_convnext_tiny/convnext_tiny/trial_15_e4.pt
[Checkpoint] Saved (epoch=5, val_auc=0.9477) → results/finetune_hpo/srad_nopad_convnext_tiny/convnext_tiny/trial_15_e5.pt
[I 2026-07-29 21:33:21,990] Trial 15 finished with value: 0.9598 and parameters: {'lr': 5.345632995184304e-06, 'weight_decay': 0.0017094764816805864, 'dropout': 0.4095699434295643, 'rotation': 13, 'label_smoothing': 0.007791812084495121, 'freeze_fraction': 0.0, 'batch_size': 32}. Best is trial 7 with value: 0.9629.
[Builder] Frozen 0/180 parameters (0.0%)
[Builder] Total params: 28,050,914, Trainable: 28,050,914
[Checkpoint] Loaded from results/finetune_zenodo/checkpoints/srad_nopad/convnext_tiny/best.pt (epoch=4, val_auc=0.9595)
[Loss] Class weights: [0.5638766288757324, 4.413793087005615]
[Checkpoint] Saved (epoch=1, val_auc=0.9443) → results/finetune_hpo/srad_nopad_convnext_tiny/convnext_tiny/trial_16.pt
[Checkpoint] Saved (epoch=1, val_auc=0.9443) → results/finetune_hpo/srad_nopad_convnext_tiny/convnext_tiny/trial_16_e1.pt
[Checkpoint] Saved (epoch=2, val_auc=0.9587) → results/finetune_hpo/srad_nopad_convnext_tiny/convnext_tiny/trial_16.pt
[Checkpoint] Saved (epoch=2, val_auc=0.9587) → results/finetune_hpo/srad_nopad_convnext_tiny/convnext_tiny/trial_16_e2.pt
[Checkpoint] Saved (epoch=3, val_auc=0.9515) → results/finetune_hpo/srad_nopad_convnext_tiny/convnext_tiny/trial_16_e3.pt
[Checkpoint] Saved (epoch=4, val_auc=0.9423) → results/finetune_hpo/srad_nopad_convnext_tiny/convnext_tiny/trial_16_e4.pt
[Checkpoint] Saved (epoch=5, val_auc=0.9522) → results/finetune_hpo/srad_nopad_convnext_tiny/convnext_tiny/trial_16_e5.pt
[I 2026-07-29 21:35:28,924] Trial 16 finished with value: 0.9587 and parameters: {'lr': 7.875287196965323e-06, 'weight_decay': 0.00013919684988173344, 'dropout': 0.24214493873962958, 'rotation': 18, 'label_smoothing': 0.03290780391243596, 'freeze_fraction': 0.0, 'batch_size': 16}. Best is trial 7 with value: 0.9629.
[Builder] Frozen 90/180 parameters (50.0%)
[Builder] Total params: 28,050,914, Trainable: 23,506,178
[Checkpoint] Loaded from results/finetune_zenodo/checkpoints/srad_nopad/convnext_tiny/best.pt (epoch=4, val_auc=0.9595)
[Loss] Class weights: [0.5638766288757324, 4.413793087005615]
[Checkpoint] Saved (epoch=1, val_auc=0.9580) → results/finetune_hpo/srad_nopad_convnext_tiny/convnext_tiny/trial_17.pt
[Checkpoint] Saved (epoch=1, val_auc=0.9580) → results/finetune_hpo/srad_nopad_convnext_tiny/convnext_tiny/trial_17_e1.pt
[Checkpoint] Saved (epoch=2, val_auc=0.9386) → results/finetune_hpo/srad_nopad_convnext_tiny/convnext_tiny/trial_17_e2.pt
[Checkpoint] Saved (epoch=3, val_auc=0.9408) → results/finetune_hpo/srad_nopad_convnext_tiny/convnext_tiny/trial_17_e3.pt
[Checkpoint] Saved (epoch=4, val_auc=0.9547) → results/finetune_hpo/srad_nopad_convnext_tiny/convnext_tiny/trial_17_e4.pt
