[I 2026-07-29 21:54:07,140] Trial 18 finished with value: 0.9653 and parameters: {'lr': 7.273034580635651e-06, 'weight_decay': 0.004436920399732994, 'dropout': 0.21851033960254143, 'rotation': 2, 'label_smoothing': 0.06619745575328675, 'freeze_fraction': 0.0, 'batch_size': 64}. Best is trial 3 with value: 0.9681.
[Builder] Frozen 0/150 parameters (0.0%)
[Builder] Total params: 86,029,442, Trainable: 86,029,442
[Checkpoint] Loaded from results/finetune_zenodo/checkpoints/gauss_nopad/vit_base/best.pt (epoch=4, val_auc=0.9643)
[Loss] Class weights: [0.5638766288757324, 4.413793087005615]
[Checkpoint] Saved (epoch=1, val_auc=0.9423) → results/finetune_hpo/gauss_nopad_vit_base/vit_base/trial_19.pt
[Checkpoint] Saved (epoch=1, val_auc=0.9423) → results/finetune_hpo/gauss_nopad_vit_base/vit_base/trial_19_e1.pt
[I 2026-07-29 21:54:29,053] Trial 19 pruned. 
[Checkpoint] Saved (epoch=2, val_auc=0.9489) → results/finetune_hpo/gauss_nopad_vit_base/vit_base/trial_19.pt
[Checkpoint] Saved (epoch=2, val_auc=0.9489) → results/finetune_hpo/gauss_nopad_vit_base/vit_base/trial_19_e2.pt
[HPO] Best val_auc: 0.9681
[HPO] Best params: {'lr': 5.370211932131591e-05, 'weight_decay': 0.0018802252562895355, 'dropout': 0.2449364041886566, 'rotation': 0, 'label_smoothing': 0.09228116872436672, 'freeze_fraction': 0.0, 'batch_size': 64}
[HPO] Summary: results/finetune_hpo/gauss_nopad_vit_base/vit_base/summary.json
