[I 2026-07-29 21:41:38,827] A new study created in memory with name: gauss_nopad_vit_base
[HPO] vit_base + gauss_nopad
[HPO] Resume from: results/finetune_zenodo/checkpoints/gauss_nopad/vit_base/best.pt
[HPO] Train: 2560, Val: 640
[Builder] Frozen 75/150 parameters (50.0%)
[Builder] Total params: 86,029,442, Trainable: 42,760,322
[Checkpoint] Loaded from results/finetune_zenodo/checkpoints/gauss_nopad/vit_base/best.pt (epoch=4, val_auc=0.9643)
[Loss] Class weights: [0.5638766288757324, 4.413793087005615]
[Checkpoint] Saved (epoch=1, val_auc=0.9614) → results/finetune_hpo/gauss_nopad_vit_base/vit_base/trial_0.pt
[Checkpoint] Saved (epoch=1, val_auc=0.9614) → results/finetune_hpo/gauss_nopad_vit_base/vit_base/trial_0_e1.pt
[Checkpoint] Saved (epoch=2, val_auc=0.9643) → results/finetune_hpo/gauss_nopad_vit_base/vit_base/trial_0.pt
[Checkpoint] Saved (epoch=2, val_auc=0.9643) → results/finetune_hpo/gauss_nopad_vit_base/vit_base/trial_0_e2.pt
[Checkpoint] Saved (epoch=3, val_auc=0.9623) → results/finetune_hpo/gauss_nopad_vit_base/vit_base/trial_0_e3.pt
[Checkpoint] Saved (epoch=4, val_auc=0.9617) → results/finetune_hpo/gauss_nopad_vit_base/vit_base/trial_0_e4.pt
[Checkpoint] Saved (epoch=5, val_auc=0.9639) → results/finetune_hpo/gauss_nopad_vit_base/vit_base/trial_0_e5.pt
[I 2026-07-29 21:42:20,418] Trial 0 finished with value: 0.9643 and parameters: {'lr': 7.167203125698828e-05, 'weight_decay': 0.006938065970506772, 'dropout': 0.3189511613338117, 'rotation': 12, 'label_smoothing': 0.028580752093486362, 'freeze_fraction': 0.5, 'batch_size': 16}. Best is trial 0 with value: 0.9643.
[Builder] Frozen 75/150 parameters (50.0%)
[Builder] Total params: 86,029,442, Trainable: 42,760,322
[Checkpoint] Loaded from results/finetune_zenodo/checkpoints/gauss_nopad/vit_base/best.pt (epoch=4, val_auc=0.9643)
[Loss] Class weights: [0.5638766288757324, 4.413793087005615]
[Checkpoint] Saved (epoch=1, val_auc=0.9483) → results/finetune_hpo/gauss_nopad_vit_base/vit_base/trial_1.pt
[Checkpoint] Saved (epoch=1, val_auc=0.9483) → results/finetune_hpo/gauss_nopad_vit_base/vit_base/trial_1_e1.pt
[Checkpoint] Saved (epoch=2, val_auc=0.9609) → results/finetune_hpo/gauss_nopad_vit_base/vit_base/trial_1.pt
[Checkpoint] Saved (epoch=2, val_auc=0.9609) → results/finetune_hpo/gauss_nopad_vit_base/vit_base/trial_1_e2.pt
[Checkpoint] Saved (epoch=3, val_auc=0.9645) → results/finetune_hpo/gauss_nopad_vit_base/vit_base/trial_1.pt
[Checkpoint] Saved (epoch=3, val_auc=0.9645) → results/finetune_hpo/gauss_nopad_vit_base/vit_base/trial_1_e3.pt
[Checkpoint] Saved (epoch=4, val_auc=0.9646) → results/finetune_hpo/gauss_nopad_vit_base/vit_base/trial_1.pt
[Checkpoint] Saved (epoch=4, val_auc=0.9646) → results/finetune_hpo/gauss_nopad_vit_base/vit_base/trial_1_e4.pt
[Checkpoint] Saved (epoch=5, val_auc=0.9591) → results/finetune_hpo/gauss_nopad_vit_base/vit_base/trial_1_e5.pt
[Checkpoint] Saved (epoch=6, val_auc=0.9605) → results/finetune_hpo/gauss_nopad_vit_base/vit_base/trial_1_e6.pt
[Checkpoint] Saved (epoch=7, val_auc=0.9606) → results/finetune_hpo/gauss_nopad_vit_base/vit_base/trial_1_e7.pt
[I 2026-07-29 21:43:17,267] Trial 1 finished with value: 0.9646 and parameters: {'lr': 7.863067062859733e-05, 'weight_decay': 0.0003159418030014181, 'dropout': 0.42549559098407447, 'rotation': 3, 'label_smoothing': 0.05560009630576497, 'freeze_fraction': 0.5, 'batch_size': 16}. Best is trial 1 with value: 0.9646.
[Builder] Frozen 0/150 parameters (0.0%)
[Builder] Total params: 86,029,442, Trainable: 86,029,442
[Checkpoint] Loaded from results/finetune_zenodo/checkpoints/gauss_nopad/vit_base/best.pt (epoch=4, val_auc=0.9643)
[Loss] Class weights: [0.5638766288757324, 4.413793087005615]
[Checkpoint] Saved (epoch=1, val_auc=0.9626) → results/finetune_hpo/gauss_nopad_vit_base/vit_base/trial_2.pt
[Checkpoint] Saved (epoch=1, val_auc=0.9626) → results/finetune_hpo/gauss_nopad_vit_base/vit_base/trial_2_e1.pt
[Checkpoint] Saved (epoch=2, val_auc=0.9615) → results/finetune_hpo/gauss_nopad_vit_base/vit_base/trial_2_e2.pt
[Checkpoint] Saved (epoch=3, val_auc=0.9582) → results/finetune_hpo/gauss_nopad_vit_base/vit_base/trial_2_e3.pt
[Checkpoint] Saved (epoch=4, val_auc=0.9631) → results/finetune_hpo/gauss_nopad_vit_base/vit_base/trial_2.pt
[Checkpoint] Saved (epoch=4, val_auc=0.9631) → results/finetune_hpo/gauss_nopad_vit_base/vit_base/trial_2_e4.pt
[Checkpoint] Saved (epoch=5, val_auc=0.9480) → results/finetune_hpo/gauss_nopad_vit_base/vit_base/trial_2_e5.pt
[Checkpoint] Saved (epoch=6, val_auc=0.9494) → results/finetune_hpo/gauss_nopad_vit_base/vit_base/trial_2_e6.pt
[Checkpoint] Saved (epoch=7, val_auc=0.9373) → results/finetune_hpo/gauss_nopad_vit_base/vit_base/trial_2_e7.pt
[I 2026-07-29 21:44:27,830] Trial 2 finished with value: 0.9631 and parameters: {'lr': 1.152055273939784e-05, 'weight_decay': 3.649315545985938e-05, 'dropout': 0.12245951435350683, 'rotation': 11, 'label_smoothing': 0.05133214598960211, 'freeze_fraction': 0.0, 'batch_size': 64}. Best is trial 1 with value: 0.9646.
[Builder] Frozen 0/150 parameters (0.0%)
[Builder] Total params: 86,029,442, Trainable: 86,029,442
[Checkpoint] Loaded from results/finetune_zenodo/checkpoints/gauss_nopad/vit_base/best.pt (epoch=4, val_auc=0.9643)
[Loss] Class weights: [0.5638766288757324, 4.413793087005615]
[Checkpoint] Saved (epoch=1, val_auc=0.9566) → results/finetune_hpo/gauss_nopad_vit_base/vit_base/trial_3.pt
[Checkpoint] Saved (epoch=1, val_auc=0.9566) → results/finetune_hpo/gauss_nopad_vit_base/vit_base/trial_3_e1.pt
[Checkpoint] Saved (epoch=2, val_auc=0.9465) → results/finetune_hpo/gauss_nopad_vit_base/vit_base/trial_3_e2.pt
[Checkpoint] Saved (epoch=3, val_auc=0.9676) → results/finetune_hpo/gauss_nopad_vit_base/vit_base/trial_3.pt
[Checkpoint] Saved (epoch=3, val_auc=0.9676) → results/finetune_hpo/gauss_nopad_vit_base/vit_base/trial_3_e3.pt
[Checkpoint] Saved (epoch=4, val_auc=0.9681) → results/finetune_hpo/gauss_nopad_vit_base/vit_base/trial_3.pt
[Checkpoint] Saved (epoch=4, val_auc=0.9681) → results/finetune_hpo/gauss_nopad_vit_base/vit_base/trial_3_e4.pt
[Checkpoint] Saved (epoch=5, val_auc=0.9530) → results/finetune_hpo/gauss_nopad_vit_base/vit_base/trial_3_e5.pt
[Checkpoint] Saved (epoch=6, val_auc=0.9609) → results/finetune_hpo/gauss_nopad_vit_base/vit_base/trial_3_e6.pt
[Checkpoint] Saved (epoch=7, val_auc=0.9556) → results/finetune_hpo/gauss_nopad_vit_base/vit_base/trial_3_e7.pt
[I 2026-07-29 21:45:39,147] Trial 3 finished with value: 0.9681 and parameters: {'lr': 5.370211932131591e-05, 'weight_decay': 0.0018802252562895355, 'dropout': 0.2449364041886566, 'rotation': 0, 'label_smoothing': 0.09228116872436672, 'freeze_fraction': 0.0, 'batch_size': 64}. Best is trial 3 with value: 0.9681.
[Builder] Frozen 75/150 parameters (50.0%)
[Builder] Total params: 86,029,442, Trainable: 42,760,322
[Checkpoint] Loaded from results/finetune_zenodo/checkpoints/gauss_nopad/vit_base/best.pt (epoch=4, val_auc=0.9643)
[Loss] Class weights: [0.5638766288757324, 4.413793087005615]
[Checkpoint] Saved (epoch=1, val_auc=0.9610) → results/finetune_hpo/gauss_nopad_vit_base/vit_base/trial_4.pt
[Checkpoint] Saved (epoch=1, val_auc=0.9610) → results/finetune_hpo/gauss_nopad_vit_base/vit_base/trial_4_e1.pt
[Checkpoint] Saved (epoch=2, val_auc=0.9599) → results/finetune_hpo/gauss_nopad_vit_base/vit_base/trial_4_e2.pt
[Checkpoint] Saved (epoch=3, val_auc=0.9518) → results/finetune_hpo/gauss_nopad_vit_base/vit_base/trial_4_e3.pt
[Checkpoint] Saved (epoch=4, val_auc=0.9661) → results/finetune_hpo/gauss_nopad_vit_base/vit_base/trial_4.pt
[Checkpoint] Saved (epoch=4, val_auc=0.9661) → results/finetune_hpo/gauss_nopad_vit_base/vit_base/trial_4_e4.pt
[Checkpoint] Saved (epoch=5, val_auc=0.9609) → results/finetune_hpo/gauss_nopad_vit_base/vit_base/trial_4_e5.pt
[Checkpoint] Saved (epoch=6, val_auc=0.9640) → results/finetune_hpo/gauss_nopad_vit_base/vit_base/trial_4_e6.pt
[Checkpoint] Saved (epoch=7, val_auc=0.9618) → results/finetune_hpo/gauss_nopad_vit_base/vit_base/trial_4_e7.pt
[I 2026-07-29 21:46:29,056] Trial 4 finished with value: 0.9661 and parameters: {'lr': 4.922116254984192e-05, 'weight_decay': 3.140026103375974e-05, 'dropout': 0.02658021478840683, 'rotation': 18, 'label_smoothing': 0.03859966933765507, 'freeze_fraction': 0.5, 'batch_size': 32}. Best is trial 3 with value: 0.9681.
[Builder] Frozen 75/150 parameters (50.0%)
[Builder] Total params: 86,029,442, Trainable: 42,760,322
[Checkpoint] Loaded from results/finetune_zenodo/checkpoints/gauss_nopad/vit_base/best.pt (epoch=4, val_auc=0.9643)
[Loss] Class weights: [0.5638766288757324, 4.413793087005615]
[Checkpoint] Saved (epoch=1, val_auc=0.9622) → results/finetune_hpo/gauss_nopad_vit_base/vit_base/trial_5.pt
[Checkpoint] Saved (epoch=1, val_auc=0.9622) → results/finetune_hpo/gauss_nopad_vit_base/vit_base/trial_5_e1.pt
[Checkpoint] Saved (epoch=2, val_auc=0.9563) → results/finetune_hpo/gauss_nopad_vit_base/vit_base/trial_5_e2.pt
[Checkpoint] Saved (epoch=3, val_auc=0.9631) → results/finetune_hpo/gauss_nopad_vit_base/vit_base/trial_5.pt
[Checkpoint] Saved (epoch=3, val_auc=0.9631) → results/finetune_hpo/gauss_nopad_vit_base/vit_base/trial_5_e3.pt
[I 2026-07-29 21:46:56,966] Trial 5 pruned. 
[Checkpoint] Saved (epoch=4, val_auc=0.9486) → results/finetune_hpo/gauss_nopad_vit_base/vit_base/trial_5_e4.pt
[Builder] Frozen 0/150 parameters (0.0%)
[Builder] Total params: 86,029,442, Trainable: 86,029,442
[Checkpoint] Loaded from results/finetune_zenodo/checkpoints/gauss_nopad/vit_base/best.pt (epoch=4, val_auc=0.9643)
[Loss] Class weights: [0.5638766288757324, 4.413793087005615]
[Checkpoint] Saved (epoch=1, val_auc=0.9576) → results/finetune_hpo/gauss_nopad_vit_base/vit_base/trial_6.pt
[Checkpoint] Saved (epoch=1, val_auc=0.9576) → results/finetune_hpo/gauss_nopad_vit_base/vit_base/trial_6_e1.pt
[I 2026-07-29 21:47:18,129] Trial 6 pruned. 
[Checkpoint] Saved (epoch=2, val_auc=0.9368) → results/finetune_hpo/gauss_nopad_vit_base/vit_base/trial_6_e2.pt
[Builder] Frozen 75/150 parameters (50.0%)
[Builder] Total params: 86,029,442, Trainable: 42,760,322
[Checkpoint] Loaded from results/finetune_zenodo/checkpoints/gauss_nopad/vit_base/best.pt (epoch=4, val_auc=0.9643)
[Loss] Class weights: [0.5638766288757324, 4.413793087005615]
[Checkpoint] Saved (epoch=1, val_auc=0.9657) → results/finetune_hpo/gauss_nopad_vit_base/vit_base/trial_7.pt
[Checkpoint] Saved (epoch=1, val_auc=0.9657) → results/finetune_hpo/gauss_nopad_vit_base/vit_base/trial_7_e1.pt
[Checkpoint] Saved (epoch=2, val_auc=0.9621) → results/finetune_hpo/gauss_nopad_vit_base/vit_base/trial_7_e2.pt
[Checkpoint] Saved (epoch=3, val_auc=0.9593) → results/finetune_hpo/gauss_nopad_vit_base/vit_base/trial_7_e3.pt
[Checkpoint] Saved (epoch=4, val_auc=0.9588) → results/finetune_hpo/gauss_nopad_vit_base/vit_base/trial_7_e4.pt
[I 2026-07-29 21:47:47,685] Trial 7 finished with value: 0.9657 and parameters: {'lr': 8.816732332572498e-06, 'weight_decay': 1.609924025085787e-05, 'dropout': 0.11702833262325651, 'rotation': 12, 'label_smoothing': 0.09760081877314336, 'freeze_fraction': 0.5, 'batch_size': 32}. Best is trial 3 with value: 0.9681.
[Builder] Frozen 75/150 parameters (50.0%)
[Builder] Total params: 86,029,442, Trainable: 42,760,322
[Checkpoint] Loaded from results/finetune_zenodo/checkpoints/gauss_nopad/vit_base/best.pt (epoch=4, val_auc=0.9643)
[Loss] Class weights: [0.5638766288757324, 4.413793087005615]
[Checkpoint] Saved (epoch=1, val_auc=0.9659) → results/finetune_hpo/gauss_nopad_vit_base/vit_base/trial_8.pt
[Checkpoint] Saved (epoch=1, val_auc=0.9659) → results/finetune_hpo/gauss_nopad_vit_base/vit_base/trial_8_e1.pt
[Checkpoint] Saved (epoch=2, val_auc=0.9488) → results/finetune_hpo/gauss_nopad_vit_base/vit_base/trial_8_e2.pt
[Checkpoint] Saved (epoch=3, val_auc=0.9619) → results/finetune_hpo/gauss_nopad_vit_base/vit_base/trial_8_e3.pt
[Checkpoint] Saved (epoch=4, val_auc=0.9629) → results/finetune_hpo/gauss_nopad_vit_base/vit_base/trial_8_e4.pt
[I 2026-07-29 21:48:20,941] Trial 8 finished with value: 0.9659 and parameters: {'lr': 2.6386887395557045e-05, 'weight_decay': 0.00011062898788714637, 'dropout': 0.23379334921313827, 'rotation': 15, 'label_smoothing': 0.011981848795930861, 'freeze_fraction': 0.5, 'batch_size': 16}. Best is trial 3 with value: 0.9681.
[Builder] Frozen 75/150 parameters (50.0%)
[Builder] Total params: 86,029,442, Trainable: 42,760,322
[Checkpoint] Loaded from results/finetune_zenodo/checkpoints/gauss_nopad/vit_base/best.pt (epoch=4, val_auc=0.9643)
[Loss] Class weights: [0.5638766288757324, 4.413793087005615]
[Checkpoint] Saved (epoch=1, val_auc=0.9545) → results/finetune_hpo/gauss_nopad_vit_base/vit_base/trial_9.pt
[Checkpoint] Saved (epoch=1, val_auc=0.9545) → results/finetune_hpo/gauss_nopad_vit_base/vit_base/trial_9_e1.pt
[I 2026-07-29 21:48:37,235] Trial 9 pruned. 
[Checkpoint] Saved (epoch=2, val_auc=0.9511) → results/finetune_hpo/gauss_nopad_vit_base/vit_base/trial_9_e2.pt
[Builder] Frozen 0/150 parameters (0.0%)
[Builder] Total params: 86,029,442, Trainable: 86,029,442
[Checkpoint] Loaded from results/finetune_zenodo/checkpoints/gauss_nopad/vit_base/best.pt (epoch=4, val_auc=0.9643)
[Loss] Class weights: [0.5638766288757324, 4.413793087005615]
[Checkpoint] Saved (epoch=1, val_auc=0.9678) → results/finetune_hpo/gauss_nopad_vit_base/vit_base/trial_10.pt
[Checkpoint] Saved (epoch=1, val_auc=0.9678) → results/finetune_hpo/gauss_nopad_vit_base/vit_base/trial_10_e1.pt
[Checkpoint] Saved (epoch=2, val_auc=0.9644) → results/finetune_hpo/gauss_nopad_vit_base/vit_base/trial_10_e2.pt
[Checkpoint] Saved (epoch=3, val_auc=0.9640) → results/finetune_hpo/gauss_nopad_vit_base/vit_base/trial_10_e3.pt
[Checkpoint] Saved (epoch=4, val_auc=0.9641) → results/finetune_hpo/gauss_nopad_vit_base/vit_base/trial_10_e4.pt
[I 2026-07-29 21:49:18,577] Trial 10 finished with value: 0.9678 and parameters: {'lr': 5.9316445050233545e-06, 'weight_decay': 0.009473236485489573, 'dropout': 0.49865375140192486, 'rotation': 0, 'label_smoothing': 0.09967392309413833, 'freeze_fraction': 0.0, 'batch_size': 64}. Best is trial 3 with value: 0.9681.
[Builder] Frozen 0/150 parameters (0.0%)
[Builder] Total params: 86,029,442, Trainable: 86,029,442
[Checkpoint] Loaded from results/finetune_zenodo/checkpoints/gauss_nopad/vit_base/best.pt (epoch=4, val_auc=0.9643)
[Loss] Class weights: [0.5638766288757324, 4.413793087005615]
[Checkpoint] Saved (epoch=1, val_auc=0.9634) → results/finetune_hpo/gauss_nopad_vit_base/vit_base/trial_11.pt
[Checkpoint] Saved (epoch=1, val_auc=0.9634) → results/finetune_hpo/gauss_nopad_vit_base/vit_base/trial_11_e1.pt
[Checkpoint] Saved (epoch=2, val_auc=0.9607) → results/finetune_hpo/gauss_nopad_vit_base/vit_base/trial_11_e2.pt
[Checkpoint] Saved (epoch=3, val_auc=0.9598) → results/finetune_hpo/gauss_nopad_vit_base/vit_base/trial_11_e3.pt
[I 2026-07-29 21:49:57,792] Trial 11 pruned. 
[Checkpoint] Saved (epoch=4, val_auc=0.9551) → results/finetune_hpo/gauss_nopad_vit_base/vit_base/trial_11_e4.pt
[Builder] Frozen 0/150 parameters (0.0%)
[Builder] Total params: 86,029,442, Trainable: 86,029,442
[Checkpoint] Loaded from results/finetune_zenodo/checkpoints/gauss_nopad/vit_base/best.pt (epoch=4, val_auc=0.9643)
[Loss] Class weights: [0.5638766288757324, 4.413793087005615]
[Checkpoint] Saved (epoch=1, val_auc=0.9674) → results/finetune_hpo/gauss_nopad_vit_base/vit_base/trial_12.pt
[Checkpoint] Saved (epoch=1, val_auc=0.9674) → results/finetune_hpo/gauss_nopad_vit_base/vit_base/trial_12_e1.pt
[Checkpoint] Saved (epoch=2, val_auc=0.9649) → results/finetune_hpo/gauss_nopad_vit_base/vit_base/trial_12_e2.pt
[Checkpoint] Saved (epoch=3, val_auc=0.9659) → results/finetune_hpo/gauss_nopad_vit_base/vit_base/trial_12_e3.pt
[Checkpoint] Saved (epoch=4, val_auc=0.9619) → results/finetune_hpo/gauss_nopad_vit_base/vit_base/trial_12_e4.pt
[I 2026-07-29 21:50:39,214] Trial 12 finished with value: 0.9674 and parameters: {'lr': 5.000058835700544e-06, 'weight_decay': 0.0023805355814149414, 'dropout': 0.2928230269673177, 'rotation': 0, 'label_smoothing': 0.0876892151005791, 'freeze_fraction': 0.0, 'batch_size': 64}. Best is trial 3 with value: 0.9681.
[Builder] Frozen 0/150 parameters (0.0%)
[Builder] Total params: 86,029,442, Trainable: 86,029,442
[Checkpoint] Loaded from results/finetune_zenodo/checkpoints/gauss_nopad/vit_base/best.pt (epoch=4, val_auc=0.9643)
[Loss] Class weights: [0.5638766288757324, 4.413793087005615]
[Checkpoint] Saved (epoch=1, val_auc=0.9664) → results/finetune_hpo/gauss_nopad_vit_base/vit_base/trial_13.pt
[Checkpoint] Saved (epoch=1, val_auc=0.9664) → results/finetune_hpo/gauss_nopad_vit_base/vit_base/trial_13_e1.pt
[Checkpoint] Saved (epoch=2, val_auc=0.9514) → results/finetune_hpo/gauss_nopad_vit_base/vit_base/trial_13_e2.pt
[Checkpoint] Saved (epoch=3, val_auc=0.9638) → results/finetune_hpo/gauss_nopad_vit_base/vit_base/trial_13_e3.pt
[Checkpoint] Saved (epoch=4, val_auc=0.9605) → results/finetune_hpo/gauss_nopad_vit_base/vit_base/trial_13_e4.pt
[I 2026-07-29 21:51:20,803] Trial 13 finished with value: 0.9664 and parameters: {'lr': 4.168933363261912e-05, 'weight_decay': 0.0014801380740795858, 'dropout': 0.3842583863837742, 'rotation': 5, 'label_smoothing': 0.08267201727901116, 'freeze_fraction': 0.0, 'batch_size': 64}. Best is trial 3 with value: 0.9681.
[Builder] Frozen 0/150 parameters (0.0%)
[Builder] Total params: 86,029,442, Trainable: 86,029,442
[Checkpoint] Loaded from results/finetune_zenodo/checkpoints/gauss_nopad/vit_base/best.pt (epoch=4, val_auc=0.9643)
[Loss] Class weights: [0.5638766288757324, 4.413793087005615]
[Checkpoint] Saved (epoch=1, val_auc=0.9677) → results/finetune_hpo/gauss_nopad_vit_base/vit_base/trial_14.pt
[Checkpoint] Saved (epoch=1, val_auc=0.9677) → results/finetune_hpo/gauss_nopad_vit_base/vit_base/trial_14_e1.pt
[Checkpoint] Saved (epoch=2, val_auc=0.9498) → results/finetune_hpo/gauss_nopad_vit_base/vit_base/trial_14_e2.pt
[Checkpoint] Saved (epoch=3, val_auc=0.9461) → results/finetune_hpo/gauss_nopad_vit_base/vit_base/trial_14_e3.pt
[Checkpoint] Saved (epoch=4, val_auc=0.9340) → results/finetune_hpo/gauss_nopad_vit_base/vit_base/trial_14_e4.pt
[I 2026-07-29 21:52:02,591] Trial 14 finished with value: 0.9677 and parameters: {'lr': 2.145124086135782e-05, 'weight_decay': 0.0017600618081505114, 'dropout': 0.015852523758631554, 'rotation': 3, 'label_smoothing': 0.08360691462546826, 'freeze_fraction': 0.0, 'batch_size': 64}. Best is trial 3 with value: 0.9681.
[Builder] Frozen 0/150 parameters (0.0%)
[Builder] Total params: 86,029,442, Trainable: 86,029,442
[Checkpoint] Loaded from results/finetune_zenodo/checkpoints/gauss_nopad/vit_base/best.pt (epoch=4, val_auc=0.9643)
[Loss] Class weights: [0.5638766288757324, 4.413793087005615]
[Checkpoint] Saved (epoch=1, val_auc=0.9569) → results/finetune_hpo/gauss_nopad_vit_base/vit_base/trial_15.pt
[Checkpoint] Saved (epoch=1, val_auc=0.9569) → results/finetune_hpo/gauss_nopad_vit_base/vit_base/trial_15_e1.pt
[I 2026-07-29 21:52:22,970] Trial 15 pruned. 
[Checkpoint] Saved (epoch=2, val_auc=0.9564) → results/finetune_hpo/gauss_nopad_vit_base/vit_base/trial_15_e2.pt
[Builder] Frozen 0/150 parameters (0.0%)
[Builder] Total params: 86,029,442, Trainable: 86,029,442
[Checkpoint] Loaded from results/finetune_zenodo/checkpoints/gauss_nopad/vit_base/best.pt (epoch=4, val_auc=0.9643)
[Loss] Class weights: [0.5638766288757324, 4.413793087005615]
[Checkpoint] Saved (epoch=1, val_auc=0.9645) → results/finetune_hpo/gauss_nopad_vit_base/vit_base/trial_16.pt
[Checkpoint] Saved (epoch=1, val_auc=0.9645) → results/finetune_hpo/gauss_nopad_vit_base/vit_base/trial_16_e1.pt
[Checkpoint] Saved (epoch=2, val_auc=0.9598) → results/finetune_hpo/gauss_nopad_vit_base/vit_base/trial_16_e2.pt
[Checkpoint] Saved (epoch=3, val_auc=0.9625) → results/finetune_hpo/gauss_nopad_vit_base/vit_base/trial_16_e3.pt
[Checkpoint] Saved (epoch=4, val_auc=0.9625) → results/finetune_hpo/gauss_nopad_vit_base/vit_base/trial_16_e4.pt
[I 2026-07-29 21:53:04,550] Trial 16 finished with value: 0.9645 and parameters: {'lr': 8.279892385459808e-06, 'weight_decay': 0.0006842812057366742, 'dropout': 0.20901763766348694, 'rotation': 3, 'label_smoothing': 0.07825488933296357, 'freeze_fraction': 0.0, 'batch_size': 64}. Best is trial 3 with value: 0.9681.
[Builder] Frozen 0/150 parameters (0.0%)
[Builder] Total params: 86,029,442, Trainable: 86,029,442
[Checkpoint] Loaded from results/finetune_zenodo/checkpoints/gauss_nopad/vit_base/best.pt (epoch=4, val_auc=0.9643)
[Loss] Class weights: [0.5638766288757324, 4.413793087005615]
[Checkpoint] Saved (epoch=1, val_auc=0.9586) → results/finetune_hpo/gauss_nopad_vit_base/vit_base/trial_17.pt
[Checkpoint] Saved (epoch=1, val_auc=0.9586) → results/finetune_hpo/gauss_nopad_vit_base/vit_base/trial_17_e1.pt
[I 2026-07-29 21:53:25,538] Trial 17 pruned. 
[Checkpoint] Saved (epoch=2, val_auc=0.9588) → results/finetune_hpo/gauss_nopad_vit_base/vit_base/trial_17.pt
[Checkpoint] Saved (epoch=2, val_auc=0.9588) → results/finetune_hpo/gauss_nopad_vit_base/vit_base/trial_17_e2.pt
[Builder] Frozen 0/150 parameters (0.0%)
[Builder] Total params: 86,029,442, Trainable: 86,029,442
[Checkpoint] Loaded from results/finetune_zenodo/checkpoints/gauss_nopad/vit_base/best.pt (epoch=4, val_auc=0.9643)
[Loss] Class weights: [0.5638766288757324, 4.413793087005615]
[Checkpoint] Saved (epoch=1, val_auc=0.9653) → results/finetune_hpo/gauss_nopad_vit_base/vit_base/trial_18.pt
[Checkpoint] Saved (epoch=1, val_auc=0.9653) → results/finetune_hpo/gauss_nopad_vit_base/vit_base/trial_18_e1.pt
[Checkpoint] Saved (epoch=2, val_auc=0.9614) → results/finetune_hpo/gauss_nopad_vit_base/vit_base/trial_18_e2.pt
[Checkpoint] Saved (epoch=3, val_auc=0.9573) → results/finetune_hpo/gauss_nopad_vit_base/vit_base/trial_18_e3.pt
[Checkpoint] Saved (epoch=4, val_auc=0.9570) → results/finetune_hpo/gauss_nopad_vit_base/vit_base/trial_18_e4.pt
