[I 2026-07-29 21:03:12,390] Trial 18 finished with value: 0.9587 and parameters: {'lr': 1.0039369272987676e-05, 'weight_decay': 0.0010793153738284137, 'dropout': 0.0035988467000480848, 'rotation': 0, 'label_smoothing': 0.013248311775154101, 'freeze_fraction': 0.0, 'batch_size': 16}. Best is trial 18 with value: 0.9587.
[Builder] Frozen 0/362 parameters (0.0%)
[Builder] Total params: 7,250,178, Trainable: 7,250,178
[Checkpoint] Loaded from results/finetune_zenodo/checkpoints/srad_nopad/densenet121/best.pt (epoch=8, val_auc=0.9496)
[Loss] Class weights: [0.5638766288757324, 4.413793087005615]
[Checkpoint] Saved (epoch=1, val_auc=0.9527) → results/finetune_hpo/srad_nopad_densenet121/densenet121/trial_19.pt
[Checkpoint] Saved (epoch=1, val_auc=0.9527) → results/finetune_hpo/srad_nopad_densenet121/densenet121/trial_19_e1.pt
[Checkpoint] Saved (epoch=2, val_auc=0.9535) → results/finetune_hpo/srad_nopad_densenet121/densenet121/trial_19.pt
[Checkpoint] Saved (epoch=2, val_auc=0.9535) → results/finetune_hpo/srad_nopad_densenet121/densenet121/trial_19_e2.pt
[Checkpoint] Saved (epoch=3, val_auc=0.9515) → results/finetune_hpo/srad_nopad_densenet121/densenet121/trial_19_e3.pt
[Checkpoint] Saved (epoch=4, val_auc=0.9496) → results/finetune_hpo/srad_nopad_densenet121/densenet121/trial_19_e4.pt
[Checkpoint] Saved (epoch=5, val_auc=0.9473) → results/finetune_hpo/srad_nopad_densenet121/densenet121/trial_19_e5.pt
[I 2026-07-29 21:05:18,536] Trial 19 finished with value: 0.9535 and parameters: {'lr': 9.323459642171911e-06, 'weight_decay': 0.0013688355913698284, 'dropout': 0.007904220859780667, 'rotation': 0, 'label_smoothing': 0.03715217774423627, 'freeze_fraction': 0.0, 'batch_size': 16}. Best is trial 18 with value: 0.9587.
[HPO] Best val_auc: 0.9587
[HPO] Best params: {'lr': 1.0039369272987676e-05, 'weight_decay': 0.0010793153738284137, 'dropout': 0.0035988467000480848, 'rotation': 0, 'label_smoothing': 0.013248311775154101, 'freeze_fraction': 0.0, 'batch_size': 16}
[HPO] Summary: results/finetune_hpo/srad_nopad_densenet121/densenet121/summary.json
